 
****************************************
Report : timing
        -path end
        -delay max
        -max_paths 10000
        -sort_by slack
Design : FIFO
Version: U-2022.12-SP7
Date   : Wed Dec  4 14:49:42 2024
****************************************

Operating Conditions: tt_1p2v_25c   Library: scx3_cmos8rf_lpvt_tt_1p2v_25c
Wire Load Model Mode: top

Endpoint                         Path Delay     Path Required     Slack
------------------------------------------------------------------------
rd_data[15] (out)                   1.86 f          999.90       998.04
rd_data[14] (out)                   1.86 f          999.90       998.04
rd_data[13] (out)                   1.86 f          999.90       998.04
rd_data[12] (out)                   1.86 f          999.90       998.04
rd_data[11] (out)                   1.86 f          999.90       998.04
rd_data[10] (out)                   1.86 f          999.90       998.04
rd_data[9] (out)                    1.86 f          999.90       998.04
rd_data[8] (out)                    1.86 f          999.90       998.04
rd_data[7] (out)                    1.86 f          999.90       998.04
rd_data[6] (out)                    1.86 f          999.90       998.04
rd_data[5] (out)                    1.86 f          999.90       998.04
rd_data[4] (out)                    1.86 f          999.90       998.04
rd_data[3] (out)                    1.86 f          999.90       998.04
rd_data[2] (out)                    1.86 f          999.90       998.04
rd_data[1] (out)                    1.86 f          999.90       998.04
rd_data[0] (out)                    1.86 f          999.90       998.04
empty (out)                         1.43 r          999.90       998.47
full (out)                          1.24 r          999.90       998.66

1
