 
****************************************
Report : timing
        -path end
        -delay max
        -max_paths 10000
        -sort_by slack
Design : MAC
Version: U-2022.12-SP7
Date   : Sun Nov 17 22:58:21 2024
****************************************

Operating Conditions: tt_1p2v_25c   Library: scx3_cmos8rf_lpvt_tt_1p2v_25c
Wire Load Model Mode: top

Endpoint                         Path Delay     Path Required     Slack
------------------------------------------------------------------------
y[12] (out)                         0.74 f            1.95         1.21
y[17] (out)                         0.73 f            1.95         1.22
y[15] (out)                         0.73 f            1.95         1.22
y[11] (out)                         0.73 f            1.95         1.22
y[7] (out)                          0.73 f            1.95         1.22
y[4] (out)                          0.73 f            1.95         1.22
y[3] (out)                          0.73 f            1.95         1.22
y[1] (out)                          0.73 f            1.95         1.22
y[0] (out)                          0.73 f            1.95         1.22
y[14] (out)                         0.72 f            1.95         1.23
y[13] (out)                         0.72 f            1.95         1.23
y[10] (out)                         0.72 f            1.95         1.23
y[9] (out)                          0.72 f            1.95         1.23
y[8] (out)                          0.72 f            1.95         1.23
y[6] (out)                          0.72 f            1.95         1.23
y[2] (out)                          0.72 f            1.95         1.23
tick (out)                          0.72 f            1.95         1.23
y[31] (out)                         0.33 f            1.95         1.62
y[29] (out)                         0.33 f            1.95         1.62
y[28] (out)                         0.33 f            1.95         1.62
y[27] (out)                         0.33 f            1.95         1.62
y[26] (out)                         0.33 f            1.95         1.62
y[25] (out)                         0.33 f            1.95         1.62
y[24] (out)                         0.33 f            1.95         1.62
y[22] (out)                         0.33 f            1.95         1.62
y[21] (out)                         0.33 f            1.95         1.62
y[18] (out)                         0.33 f            1.95         1.62
y[30] (out)                         0.29 f            1.95         1.66
y[23] (out)                         0.29 f            1.95         1.66
y[20] (out)                         0.29 f            1.95         1.66
y[19] (out)                         0.29 f            1.95         1.66
y[16] (out)                         0.29 f            1.95         1.66
y[5] (out)                          0.28 f            1.95         1.67

1
